This file contains any messages produced by compilers while
running configure, to aid debugging if configure makes a mistake.

It was created by configure, which was
generated by GNU Autoconf 2.61.  Invocation command line was

  $ ./configure --enable-shared

## --------- ##
## Platform. ##
## --------- ##

hostname = fangzhou-VirtualBox
uname -m = x86_64
uname -r = 3.19.0-15-generic
uname -s = Linux
uname -v = #15-Ubuntu SMP Thu Apr 16 23:32:37 UTC 2015

/usr/bin/uname -p = unknown
/bin/uname -X     = unknown

/bin/arch              = unknown
/usr/bin/arch -k       = unknown
/usr/convex/getsysinfo = unknown
/usr/bin/hostinfo      = unknown
/bin/machine           = unknown
/usr/bin/oslevel       = unknown
/bin/universe          = unknown

PATH: /usr/local/sbin
PATH: /usr/local/bin
PATH: /usr/sbin
PATH: /usr/bin
PATH: /sbin
PATH: /bin
PATH: /usr/games
PATH: /usr/local/games


## ----------- ##
## Core tests. ##
## ----------- ##

configure:1968: checking build system type
configure:1986: result: x86_64-unknown-linux-gnu
configure:2008: checking host system type
configure:2023: result: x86_64-unknown-linux-gnu
configure:2045: checking target system type
configure:2060: result: x86_64-unknown-linux-gnu
configure:2179: checking for gcc
configure:2195: found /usr/bin/gcc
configure:2206: result: gcc
configure:2444: checking for C compiler version
configure:2451: gcc --version >&5
gcc (Ubuntu 4.9.2-10ubuntu13) 4.9.2
Copyright (C) 2014 Free Software Foundation, Inc.
This is free software; see the source for copying conditions.  There is NO
warranty; not even for MERCHANTABILITY or FITNESS FOR A PARTICULAR PURPOSE.

configure:2454: $? = 0
configure:2461: gcc -v >&5
Using built-in specs.
COLLECT_GCC=gcc
COLLECT_LTO_WRAPPER=/usr/lib/gcc/x86_64-linux-gnu/4.9/lto-wrapper
Target: x86_64-linux-gnu
Configured with: ../src/configure -v --with-pkgversion='Ubuntu 4.9.2-10ubuntu13' --with-bugurl=file:///usr/share/doc/gcc-4.9/README.Bugs --enable-languages=c,c++,java,go,d,fortran,objc,obj-c++ --prefix=/usr --program-suffix=-4.9 --enable-shared --enable-linker-build-id --libexecdir=/usr/lib --without-included-gettext --enable-threads=posix --with-gxx-include-dir=/usr/include/c++/4.9 --libdir=/usr/lib --enable-nls --with-sysroot=/ --enable-clocale=gnu --enable-libstdcxx-debug --enable-libstdcxx-time=yes --enable-gnu-unique-object --disable-vtable-verify --enable-plugin --with-system-zlib --disable-browser-plugin --enable-java-awt=gtk --enable-gtk-cairo --with-java-home=/usr/lib/jvm/java-1.5.0-gcj-4.9-amd64/jre --enable-java-home --with-jvm-root-dir=/usr/lib/jvm/java-1.5.0-gcj-4.9-amd64 --with-jvm-jar-dir=/usr/lib/jvm-exports/java-1.5.0-gcj-4.9-amd64 --with-arch-directory=amd64 --with-ecj-jar=/usr/share/java/eclipse-ecj.jar --enable-objc-gc --enable-multiarch --disable-werror --with-arch-32=i686 --with-abi=m64 --with-multilib-list=m32,m64,mx32 --enable-multilib --with-tune=generic --enable-checking=release --build=x86_64-linux-gnu --host=x86_64-linux-gnu --target=x86_64-linux-gnu
Thread model: posix
gcc version 4.9.2 (Ubuntu 4.9.2-10ubuntu13) 
configure:2464: $? = 0
configure:2471: gcc -V >&5
gcc: error: unrecognized command line option '-V'
gcc: fatal error: no input files
compilation terminated.
configure:2474: $? = 4
configure:2497: checking for C compiler default output file name
configure:2524: gcc  -I/usr/local/include   -L/usr/local/lib conftest.c  >&5
configure:2527: $? = 0
configure:2565: result: a.out
configure:2582: checking whether the C compiler works
configure:2592: ./a.out
configure:2595: $? = 0
configure:2612: result: yes
configure:2619: checking whether we are cross compiling
configure:2621: result: no
configure:2624: checking for suffix of executables
configure:2631: gcc -o conftest  -I/usr/local/include   -L/usr/local/lib conftest.c  >&5
configure:2634: $? = 0
configure:2658: result: 
configure:2664: checking for suffix of object files
configure:2690: gcc -c  -I/usr/local/include  conftest.c >&5
configure:2693: $? = 0
configure:2716: result: o
configure:2720: checking whether we are using the GNU C compiler
configure:2749: gcc -c  -I/usr/local/include  conftest.c >&5
configure:2755: $? = 0
configure:2772: result: yes
configure:2777: checking whether gcc accepts -g
configure:2807: gcc -c -g  conftest.c >&5
configure:2813: $? = 0
configure:2912: result: yes
configure:2929: checking for gcc option to accept ISO C89
configure:3003: gcc  -c  -I/usr/local/include  conftest.c >&5
configure:3009: $? = 0
configure:3032: result: none needed
configure:3066: checking how to run the C preprocessor
configure:3106: gcc -E  conftest.c
configure:3112: $? = 0
configure:3143: gcc -E  conftest.c
conftest.c:8:28: fatal error: ac_nonexistent.h: No such file or directory
 #include <ac_nonexistent.h>
                            ^
compilation terminated.
configure:3149: $? = 1
configure: failed program was:
| /* confdefs.h.  */
| #define PACKAGE_NAME ""
| #define PACKAGE_TARNAME ""
| #define PACKAGE_VERSION ""
| #define PACKAGE_STRING ""
| #define PACKAGE_BUGREPORT ""
| /* end confdefs.h.  */
| #include <ac_nonexistent.h>
configure:3182: result: gcc -E
configure:3211: gcc -E  conftest.c
configure:3217: $? = 0
configure:3248: gcc -E  conftest.c
conftest.c:8:28: fatal error: ac_nonexistent.h: No such file or directory
 #include <ac_nonexistent.h>
                            ^
compilation terminated.
configure:3254: $? = 1
configure: failed program was:
| /* confdefs.h.  */
| #define PACKAGE_NAME ""
| #define PACKAGE_TARNAME ""
| #define PACKAGE_VERSION ""
| #define PACKAGE_STRING ""
| #define PACKAGE_BUGREPORT ""
| /* end confdefs.h.  */
| #include <ac_nonexistent.h>
configure:3305: checking for a BSD-compatible install
configure:3361: result: /usr/bin/install -c
configure:3375: checking for getconf
configure:3393: found /usr/bin/getconf
configure:3406: result: /usr/bin/getconf
configure:3415: checking whether large file support needs explicit enabling
configure:3433: result: no
configure:3440: checking for X
configure:3555: gcc -E  conftest.c
configure:3561: $? = 0
configure:3610: gcc -o conftest  -I/usr/local/include   -L/usr/local/lib conftest.c -lX11  >&5
configure:3616: $? = 0
configure:3675: result: libraries , headers 
configure:3748: checking for grep that handles long lines and -e
configure:3822: result: /bin/grep
configure:3827: checking for egrep
configure:3905: result: /bin/grep -E
configure:3910: checking for ANSI C header files
configure:3940: gcc -c  -I/usr/local/include -I/usr/lib/jvm/java-1.7.0-openjdk-amd64//include -I/usr/lib/jvm/java-1.7.0-openjdk-amd64//include/linux  conftest.c >&5
configure:3946: $? = 0
configure:4045: gcc -o conftest  -I/usr/local/include -I/usr/lib/jvm/java-1.7.0-openjdk-amd64//include -I/usr/lib/jvm/java-1.7.0-openjdk-amd64//include/linux   -L/usr/local/lib conftest.c  >&5
configure:4048: $? = 0
configure:4054: ./conftest
configure:4057: $? = 0
configure:4074: result: yes
configure:4098: checking for sys/types.h
configure:4119: gcc -c  -I/usr/local/include -I/usr/lib/jvm/java-1.7.0-openjdk-amd64//include -I/usr/lib/jvm/java-1.7.0-openjdk-amd64//include/linux  conftest.c >&5
configure:4125: $? = 0
configure:4141: result: yes
configure:4098: checking for sys/stat.h
configure:4119: gcc -c  -I/usr/local/include -I/usr/lib/jvm/java-1.7.0-openjdk-amd64//include -I/usr/lib/jvm/java-1.7.0-openjdk-amd64//include/linux  conftest.c >&5
configure:4125: $? = 0
configure:4141: result: yes
configure:4098: checking for stdlib.h
configure:4119: gcc -c  -I/usr/local/include -I/usr/lib/jvm/java-1.7.0-openjdk-amd64//include -I/usr/lib/jvm/java-1.7.0-openjdk-amd64//include/linux  conftest.c >&5
configure:4125: $? = 0
configure:4141: result: yes
configure:4098: checking for string.h
configure:4119: gcc -c  -I/usr/local/include -I/usr/lib/jvm/java-1.7.0-openjdk-amd64//include -I/usr/lib/jvm/java-1.7.0-openjdk-amd64//include/linux  conftest.c >&5
configure:4125: $? = 0
configure:4141: result: yes
configure:4098: checking for memory.h
configure:4119: gcc -c  -I/usr/local/include -I/usr/lib/jvm/java-1.7.0-openjdk-amd64//include -I/usr/lib/jvm/java-1.7.0-openjdk-amd64//include/linux  conftest.c >&5
configure:4125: $? = 0
configure:4141: result: yes
configure:4098: checking for strings.h
configure:4119: gcc -c  -I/usr/local/include -I/usr/lib/jvm/java-1.7.0-openjdk-amd64//include -I/usr/lib/jvm/java-1.7.0-openjdk-amd64//include/linux  conftest.c >&5
configure:4125: $? = 0
configure:4141: result: yes
configure:4098: checking for inttypes.h
configure:4119: gcc -c  -I/usr/local/include -I/usr/lib/jvm/java-1.7.0-openjdk-amd64//include -I/usr/lib/jvm/java-1.7.0-openjdk-amd64//include/linux  conftest.c >&5
configure:4125: $? = 0
configure:4141: result: yes
configure:4098: checking for stdint.h
configure:4119: gcc -c  -I/usr/local/include -I/usr/lib/jvm/java-1.7.0-openjdk-amd64//include -I/usr/lib/jvm/java-1.7.0-openjdk-amd64//include/linux  conftest.c >&5
configure:4125: $? = 0
configure:4141: result: yes
configure:4098: checking for unistd.h
configure:4119: gcc -c  -I/usr/local/include -I/usr/lib/jvm/java-1.7.0-openjdk-amd64//include -I/usr/lib/jvm/java-1.7.0-openjdk-amd64//include/linux  conftest.c >&5
configure:4125: $? = 0
configure:4141: result: yes
configure:4163: checking jni.h usability
configure:4180: gcc -c  -I/usr/local/include -I/usr/lib/jvm/java-1.7.0-openjdk-amd64//include -I/usr/lib/jvm/java-1.7.0-openjdk-amd64//include/linux  conftest.c >&5
configure:4186: $? = 0
configure:4200: result: yes
configure:4204: checking jni.h presence
configure:4219: gcc -E -I/usr/lib/jvm/java-1.7.0-openjdk-amd64//include -I/usr/lib/jvm/java-1.7.0-openjdk-amd64//include/linux  conftest.c
configure:4225: $? = 0
configure:4239: result: yes
configure:4267: checking for jni.h
configure:4274: result: yes
configure:4294: checking for java
configure:4312: found /usr/bin/java
configure:4325: result: /usr/bin/java
configure:4446: checking for javac
configure:4464: found /usr/bin/javac
configure:4477: result: /usr/bin/javac
configure:4540: checking for javah
configure:4558: found /usr/bin/javah
configure:4571: result: /usr/bin/javah
configure:4588: checking for jar
configure:4606: found /usr/bin/jar
configure:4619: result: /usr/bin/jar
configure:4636: checking for javadoc
configure:4654: found /usr/bin/javadoc
configure:4666: result: /usr/bin/javadoc
configure:4722: checking for MagickCore-config
configure:4740: found /usr/local/bin/MagickCore-config
configure:4753: result: /usr/local/bin/MagickCore-config
configure:4801: checking magick/api.h usability
configure:4818: gcc -c  -I/usr/local/include -I/usr/local/include/ImageMagick  conftest.c >&5
configure:4824: $? = 0
configure:4838: result: yes
configure:4842: checking magick/api.h presence
configure:4857: gcc -E -I/usr/local/include/ImageMagick  conftest.c
configure:4863: $? = 0
configure:4877: result: yes
configure:4905: checking for magick/api.h
configure:4912: result: yes
configure:4934: checking for ConstituteImage in -lMagick
configure:4969: gcc -o conftest  -I/usr/local/include  -L/usr/local/lib -lMagickWand -lMagickCore  -L/usr/local/lib -L/usr/local/lib  conftest.c -lMagick   >&5
/usr/bin/ld: cannot find -lMagick
collect2: error: ld returned 1 exit status
configure:4975: $? = 1
configure: failed program was:
| /* confdefs.h.  */
| #define PACKAGE_NAME ""
| #define PACKAGE_TARNAME ""
| #define PACKAGE_VERSION ""
| #define PACKAGE_STRING ""
| #define PACKAGE_BUGREPORT ""
| #define STDC_HEADERS 1
| #define HAVE_SYS_TYPES_H 1
| #define HAVE_SYS_STAT_H 1
| #define HAVE_STDLIB_H 1
| #define HAVE_STRING_H 1
| #define HAVE_MEMORY_H 1
| #define HAVE_STRINGS_H 1
| #define HAVE_INTTYPES_H 1
| #define HAVE_STDINT_H 1
| #define HAVE_UNISTD_H 1
| /* end confdefs.h.  */
| 
| /* Override any GCC internal prototype to avoid an error.
|    Use char because int might match the return type of a GCC
|    builtin and then its argument prototype would still apply.  */
| #ifdef __cplusplus
| extern "C"
| #endif
| char ConstituteImage ();
| int
| main ()
| {
| return ConstituteImage ();
|   ;
|   return 0;
| }
configure:4993: result: no
configure:5083: checking for a sed that does not truncate output
configure:5137: result: /bin/sed
configure:5151: checking for ld used by gcc
configure:5218: result: /usr/bin/ld
configure:5227: checking if the linker (/usr/bin/ld) is GNU ld
configure:5242: result: yes
configure:5247: checking for /usr/bin/ld option to reload object files
configure:5254: result: -r
configure:5272: checking for BSD-compatible nm
configure:5314: result: /usr/bin/nm -B
configure:5318: checking whether ln -s works
configure:5322: result: yes
configure:5329: checking how to recognise dependent libraries
configure:5501: result: pass_all
configure:5585: gcc -c  -I/usr/local/include  conftest.c >&5
configure:5588: $? = 0
configure:5721: checking dlfcn.h usability
configure:5738: gcc -c  -I/usr/local/include  conftest.c >&5
configure:5744: $? = 0
configure:5758: result: yes
configure:5762: checking dlfcn.h presence
configure:5777: gcc -E  conftest.c
configure:5783: $? = 0
configure:5797: result: yes
configure:5825: checking for dlfcn.h
configure:5833: result: yes
configure:5904: checking for g++
configure:5920: found /usr/bin/g++
configure:5931: result: g++
configure:5962: checking for C++ compiler version
configure:5969: g++ --version >&5
g++ (Ubuntu 4.9.2-10ubuntu13) 4.9.2
Copyright (C) 2014 Free Software Foundation, Inc.
This is free software; see the source for copying conditions.  There is NO
warranty; not even for MERCHANTABILITY or FITNESS FOR A PARTICULAR PURPOSE.

configure:5972: $? = 0
configure:5979: g++ -v >&5
Using built-in specs.
COLLECT_GCC=g++
COLLECT_LTO_WRAPPER=/usr/lib/gcc/x86_64-linux-gnu/4.9/lto-wrapper
Target: x86_64-linux-gnu
Configured with: ../src/configure -v --with-pkgversion='Ubuntu 4.9.2-10ubuntu13' --with-bugurl=file:///usr/share/doc/gcc-4.9/README.Bugs --enable-languages=c,c++,java,go,d,fortran,objc,obj-c++ --prefix=/usr --program-suffix=-4.9 --enable-shared --enable-linker-build-id --libexecdir=/usr/lib --without-included-gettext --enable-threads=posix --with-gxx-include-dir=/usr/include/c++/4.9 --libdir=/usr/lib --enable-nls --with-sysroot=/ --enable-clocale=gnu --enable-libstdcxx-debug --enable-libstdcxx-time=yes --enable-gnu-unique-object --disable-vtable-verify --enable-plugin --with-system-zlib --disable-browser-plugin --enable-java-awt=gtk --enable-gtk-cairo --with-java-home=/usr/lib/jvm/java-1.5.0-gcj-4.9-amd64/jre --enable-java-home --with-jvm-root-dir=/usr/lib/jvm/java-1.5.0-gcj-4.9-amd64 --with-jvm-jar-dir=/usr/lib/jvm-exports/java-1.5.0-gcj-4.9-amd64 --with-arch-directory=amd64 --with-ecj-jar=/usr/share/java/eclipse-ecj.jar --enable-objc-gc --enable-multiarch --disable-werror --with-arch-32=i686 --with-abi=m64 --with-multilib-list=m32,m64,mx32 --enable-multilib --with-tune=generic --enable-checking=release --build=x86_64-linux-gnu --host=x86_64-linux-gnu --target=x86_64-linux-gnu
Thread model: posix
gcc version 4.9.2 (Ubuntu 4.9.2-10ubuntu13) 
configure:5982: $? = 0
configure:5989: g++ -V >&5
g++: error: unrecognized command line option '-V'
g++: fatal error: no input files
compilation terminated.
configure:5992: $? = 4
configure:5995: checking whether we are using the GNU C++ compiler
configure:6024: g++ -c   conftest.cpp >&5
configure:6030: $? = 0
configure:6047: result: yes
configure:6052: checking whether g++ accepts -g
configure:6082: g++ -c -g  conftest.cpp >&5
configure:6088: $? = 0
configure:6187: result: yes
configure:6220: checking how to run the C++ preprocessor
configure:6256: g++ -E  conftest.cpp
configure:6262: $? = 0
configure:6293: g++ -E  conftest.cpp
conftest.cpp:19:28: fatal error: ac_nonexistent.h: No such file or directory
 #include <ac_nonexistent.h>
                            ^
compilation terminated.
configure:6299: $? = 1
configure: failed program was:
| /* confdefs.h.  */
| #define PACKAGE_NAME ""
| #define PACKAGE_TARNAME ""
| #define PACKAGE_VERSION ""
| #define PACKAGE_STRING ""
| #define PACKAGE_BUGREPORT ""
| #define STDC_HEADERS 1
| #define HAVE_SYS_TYPES_H 1
| #define HAVE_SYS_STAT_H 1
| #define HAVE_STDLIB_H 1
| #define HAVE_STRING_H 1
| #define HAVE_MEMORY_H 1
| #define HAVE_STRINGS_H 1
| #define HAVE_INTTYPES_H 1
| #define HAVE_STDINT_H 1
| #define HAVE_UNISTD_H 1
| #define HAVE_DLFCN_H 1
| /* end confdefs.h.  */
| #include <ac_nonexistent.h>
configure:6332: result: g++ -E
configure:6361: g++ -E  conftest.cpp
configure:6367: $? = 0
configure:6398: g++ -E  conftest.cpp
conftest.cpp:19:28: fatal error: ac_nonexistent.h: No such file or directory
 #include <ac_nonexistent.h>
                            ^
compilation terminated.
configure:6404: $? = 1
configure: failed program was:
| /* confdefs.h.  */
| #define PACKAGE_NAME ""
| #define PACKAGE_TARNAME ""
| #define PACKAGE_VERSION ""
| #define PACKAGE_STRING ""
| #define PACKAGE_BUGREPORT ""
| #define STDC_HEADERS 1
| #define HAVE_SYS_TYPES_H 1
| #define HAVE_SYS_STAT_H 1
| #define HAVE_STDLIB_H 1
| #define HAVE_STRING_H 1
| #define HAVE_MEMORY_H 1
| #define HAVE_STRINGS_H 1
| #define HAVE_INTTYPES_H 1
| #define HAVE_STDINT_H 1
| #define HAVE_UNISTD_H 1
| #define HAVE_DLFCN_H 1
| /* end confdefs.h.  */
| #include <ac_nonexistent.h>
configure:6497: checking for g77
configure:6527: result: no
configure:6497: checking for xlf
configure:6527: result: no
configure:6497: checking for f77
configure:6527: result: no
configure:6497: checking for frt
configure:6527: result: no
configure:6497: checking for pgf77
configure:6527: result: no
configure:6497: checking for cf77
configure:6527: result: no
configure:6497: checking for fort77
configure:6527: result: no
configure:6497: checking for fl32
configure:6527: result: no
configure:6497: checking for af77
configure:6527: result: no
configure:6497: checking for xlf90
configure:6527: result: no
configure:6497: checking for f90
configure:6527: result: no
configure:6497: checking for pgf90
configure:6527: result: no
configure:6497: checking for pghpf
configure:6527: result: no
configure:6497: checking for epcf90
configure:6527: result: no
configure:6497: checking for gfortran
configure:6527: result: no
configure:6497: checking for g95
configure:6527: result: no
configure:6497: checking for xlf95
configure:6527: result: no
configure:6497: checking for f95
configure:6527: result: no
configure:6497: checking for fort
configure:6527: result: no
configure:6497: checking for ifort
configure:6527: result: no
configure:6497: checking for ifc
configure:6527: result: no
configure:6497: checking for efc
configure:6527: result: no
configure:6497: checking for pgf95
configure:6527: result: no
configure:6497: checking for lf95
configure:6527: result: no
configure:6497: checking for ftn
configure:6527: result: no
configure:6554: checking for Fortran 77 compiler version
configure:6561:  --version >&5
./configure: line 6562: --version: command not found
configure:6564: $? = 127
configure:6571:  -v >&5
./configure: line 6572: -v: command not found
configure:6574: $? = 127
configure:6581:  -V >&5
./configure: line 6582: -V: command not found
configure:6584: $? = 127
configure:6592: checking whether we are using the GNU Fortran 77 compiler
configure:6611:  -c  conftest.F >&5
./configure: line 6612: -c: command not found
configure:6617: $? = 127
configure: failed program was:
|       program main
| #ifndef __GNUC__
|        choke me
| #endif
| 
|       end
configure:6634: result: no
configure:6640: checking whether  accepts -g
configure:6657:  -c -g conftest.f >&5
./configure: line 6658: -c: command not found
configure:6663: $? = 127
configure: failed program was:
|       program main
| 
|       end
configure:6679: result: no
configure:6709: checking the maximum length of command line arguments
configure:6801: result: 32768
configure:6812: checking command to parse /usr/bin/nm -B output from gcc object
configure:6908: gcc -c  -I/usr/local/include  conftest.c >&5
configure:6911: $? = 0
configure:6915: /usr/bin/nm -B conftest.o \| sed -n -e 's/^.*[ 	]\([ABCDGIRSTW][ABCDGIRSTW]*\)[ 	][ 	]*\([_A-Za-z][_A-Za-z0-9]*\)$/\1 \2 \2/p' \> conftest.nm
configure:6918: $? = 0
configure:6970: gcc -o conftest  -I/usr/local/include   -L/usr/local/lib -L/usr/local/lib  conftest.c conftstm.o >&5
configure:6973: $? = 0
configure:7011: result: ok
configure:7015: checking for objdir
configure:7030: result: .libs
configure:7122: checking for ar
configure:7138: found /usr/bin/ar
configure:7149: result: ar
configure:7218: checking for ranlib
configure:7234: found /usr/bin/ranlib
configure:7245: result: ranlib
configure:7314: checking for strip
configure:7330: found /usr/bin/strip
configure:7341: result: strip
configure:7642: checking if gcc static flag  works
configure:7670: result: yes
configure:7692: checking if gcc supports -fno-rtti -fno-exceptions
configure:7710: gcc -c  -I/usr/local/include  -fno-rtti -fno-exceptions conftest.c >&5
cc1: warning: command line option '-fno-rtti' is valid for C++/ObjC++ but not for C
configure:7714: $? = 0
configure:7727: result: no
configure:7742: checking for gcc option to produce PIC
configure:7946: result: -fPIC
configure:7954: checking if gcc PIC flag -fPIC works
configure:7972: gcc -c  -I/usr/local/include  -fPIC -DPIC conftest.c >&5
configure:7976: $? = 0
configure:7989: result: yes
configure:8013: checking if gcc supports -c -o file.o
configure:8034: gcc -c  -I/usr/local/include  -o out/conftest2.o conftest.c >&5
configure:8038: $? = 0
configure:8060: result: yes
configure:8086: checking whether the gcc linker (/usr/bin/ld -m elf_x86_64) supports shared libraries
configure:8977: result: yes
configure:9003: checking whether -lc should be explicitly linked in
configure:9008: gcc -c  -I/usr/local/include  conftest.c >&5
configure:9011: $? = 0
configure:9025: gcc -shared conftest.o  -v -Wl,-soname -Wl,conftest -o conftest 2\>\&1 \| grep  -lc  \>/dev/null 2\>\&1
configure:9028: $? = 0
configure:9040: result: no
configure:9048: checking dynamic linker characteristics
configure:9416: gcc -c  -I/usr/local/include  conftest.c >&5
configure:9419: $? = 0
configure:9611: result: GNU/Linux ld.so
configure:9615: checking how to hardcode library paths into programs
configure:9640: result: immediate
configure:9654: checking whether stripping libraries is possible
configure:9659: result: yes
configure:10456: checking if libtool supports shared libraries
configure:10458: result: yes
configure:10461: checking whether to build shared libraries
configure:10482: result: yes
configure:10485: checking whether to build static libraries
configure:10489: result: no
configure:10581: creating libtool
configure:11159: checking for ld used by g++
configure:11226: result: /usr/bin/ld -m elf_x86_64
configure:11235: checking if the linker (/usr/bin/ld -m elf_x86_64) is GNU ld
configure:11250: result: yes
configure:11301: checking whether the g++ linker (/usr/bin/ld -m elf_x86_64) supports shared libraries
configure:12184: result: yes
configure:12206: g++ -c -g -O2  conftest.cc >&5
configure:12209: $? = 0
configure:12305: checking for g++ option to produce PIC
configure:12573: result: -fPIC
configure:12581: checking if g++ PIC flag -fPIC works
configure:12599: g++ -c -g -O2  -fPIC -DPIC conftest.cc >&5
configure:12603: $? = 0
configure:12616: result: yes
configure:12640: checking if g++ supports -c -o file.o
configure:12661: g++ -c -g -O2  -o out/conftest2.o conftest.cc >&5
configure:12665: $? = 0
configure:12687: result: yes
configure:12713: checking whether the g++ linker (/usr/bin/ld -m elf_x86_64) supports shared libraries
configure:12738: result: yes
configure:12809: checking dynamic linker characteristics
configure:13177: g++ -c -g -O2  conftest.cc >&5
configure:13180: $? = 0
configure:13372: result: GNU/Linux ld.so
configure:13376: checking how to hardcode library paths into programs
configure:13401: result: immediate
configure:13415: checking whether stripping libraries is possible
configure:13420: result: yes
configure:21038: creating ./config.status

## ---------------------- ##
## Running config.status. ##
## ---------------------- ##

This file was extended by config.status, which was
generated by GNU Autoconf 2.61.  Invocation command line was

  CONFIG_FILES    = 
  CONFIG_HEADERS  = 
  CONFIG_LINKS    = 
  CONFIG_COMMANDS = 
  $ ./config.status 

on fangzhou-VirtualBox

config.status:634: creating Make.def

## ---------------- ##
## Cache variables. ##
## ---------------- ##

ac_cv_build=x86_64-unknown-linux-gnu
ac_cv_c_compiler_gnu=yes
ac_cv_cxx_compiler_gnu=yes
ac_cv_env_CCC_set=
ac_cv_env_CCC_value=
ac_cv_env_CC_set=
ac_cv_env_CC_value=
ac_cv_env_CFLAGS_set=
ac_cv_env_CFLAGS_value=
ac_cv_env_CPPFLAGS_set=
ac_cv_env_CPPFLAGS_value=
ac_cv_env_CPP_set=
ac_cv_env_CPP_value=
ac_cv_env_CXXCPP_set=
ac_cv_env_CXXCPP_value=
ac_cv_env_CXXFLAGS_set=
ac_cv_env_CXXFLAGS_value=
ac_cv_env_CXX_set=
ac_cv_env_CXX_value=
ac_cv_env_F77_set=
ac_cv_env_F77_value=
ac_cv_env_FFLAGS_set=
ac_cv_env_FFLAGS_value=
ac_cv_env_LDFLAGS_set=
ac_cv_env_LDFLAGS_value=
ac_cv_env_LIBS_set=
ac_cv_env_LIBS_value=
ac_cv_env_XMKMF_set=
ac_cv_env_XMKMF_value=
ac_cv_env_build_alias_set=
ac_cv_env_build_alias_value=
ac_cv_env_host_alias_set=
ac_cv_env_host_alias_value=
ac_cv_env_target_alias_set=
ac_cv_env_target_alias_value=
ac_cv_f77_compiler_gnu=no
ac_cv_have_x='have_x=yes	ac_x_includes='\'''\''	ac_x_libraries='\'''\'''
ac_cv_header_dlfcn_h=yes
ac_cv_header_inttypes_h=yes
ac_cv_header_jni_h=yes
ac_cv_header_magick_api_h=yes
ac_cv_header_memory_h=yes
ac_cv_header_stdc=yes
ac_cv_header_stdint_h=yes
ac_cv_header_stdlib_h=yes
ac_cv_header_string_h=yes
ac_cv_header_strings_h=yes
ac_cv_header_sys_stat_h=yes
ac_cv_header_sys_types_h=yes
ac_cv_header_unistd_h=yes
ac_cv_host=x86_64-unknown-linux-gnu
ac_cv_lib_Magick_ConstituteImage=no
ac_cv_objext=o
ac_cv_path_EGREP='/bin/grep -E'
ac_cv_path_GETCONF=/usr/bin/getconf
ac_cv_path_GREP=/bin/grep
ac_cv_path_JAR=/usr/bin/jar
ac_cv_path_JAVA=/usr/bin/java
ac_cv_path_JAVAC=/usr/bin/javac
ac_cv_path_JAVADOC=/usr/bin/javadoc
ac_cv_path_JAVAH=/usr/bin/javah
ac_cv_path_MAGICKCONF=/usr/local/bin/MagickCore-config
ac_cv_path_install='/usr/bin/install -c'
ac_cv_prog_CPP='gcc -E'
ac_cv_prog_CXXCPP='g++ -E'
ac_cv_prog_ac_ct_AR=ar
ac_cv_prog_ac_ct_CC=gcc
ac_cv_prog_ac_ct_CXX=g++
ac_cv_prog_ac_ct_RANLIB=ranlib
ac_cv_prog_ac_ct_STRIP=strip
ac_cv_prog_cc_c89=
ac_cv_prog_cc_g=yes
ac_cv_prog_cxx_g=yes
ac_cv_prog_f77_g=no
ac_cv_target=x86_64-unknown-linux-gnu
lt_cv_deplibs_check_method=pass_all
lt_cv_file_magic_cmd='$MAGIC_CMD'
lt_cv_file_magic_test_file=
lt_cv_ld_reload_flag=-r
lt_cv_objdir=.libs
lt_cv_path_LD=/usr/bin/ld
lt_cv_path_LDCXX='/usr/bin/ld -m elf_x86_64'
lt_cv_path_NM='/usr/bin/nm -B'
lt_cv_path_SED=/bin/sed
lt_cv_prog_compiler_c_o=yes
lt_cv_prog_compiler_c_o_CXX=yes
lt_cv_prog_compiler_rtti_exceptions=no
lt_cv_prog_gnu_ld=yes
lt_cv_prog_gnu_ldcxx=yes
lt_cv_sys_global_symbol_pipe='sed -n -e '\''s/^.*[ 	]\([ABCDGIRSTW][ABCDGIRSTW]*\)[ 	][ 	]*\([_A-Za-z][_A-Za-z0-9]*\)$/\1 \2 \2/p'\'''
lt_cv_sys_global_symbol_to_c_name_address='sed -n -e '\''s/^: \([^ ]*\) $/  {\"\1\", (lt_ptr) 0},/p'\'' -e '\''s/^[BCDEGRST] \([^ ]*\) \([^ ]*\)$/  {"\2", (lt_ptr) \&\2},/p'\'''
lt_cv_sys_global_symbol_to_cdecl='sed -n -e '\''s/^. .* \(.*\)$/extern int \1;/p'\'''
lt_cv_sys_max_cmd_len=32768
lt_lt_cv_prog_compiler_c_o='"yes"'
lt_lt_cv_prog_compiler_c_o_CXX='"yes"'
lt_lt_cv_sys_global_symbol_pipe='"sed -n -e '\''s/^.*[ 	]\\([ABCDGIRSTW][ABCDGIRSTW]*\\)[ 	][ 	]*\\([_A-Za-z][_A-Za-z0-9]*\\)\$/\\1 \\2 \\2/p'\''"'
lt_lt_cv_sys_global_symbol_to_c_name_address='"sed -n -e '\''s/^: \\([^ ]*\\) \$/  {\\\"\\1\\\", (lt_ptr) 0},/p'\'' -e '\''s/^[BCDEGRST] \\([^ ]*\\) \\([^ ]*\\)\$/  {\"\\2\", (lt_ptr) \\&\\2},/p'\''"'
lt_lt_cv_sys_global_symbol_to_cdecl='"sed -n -e '\''s/^. .* \\(.*\\)\$/extern int \\1;/p'\''"'

## ----------------- ##
## Output variables. ##
## ----------------- ##

AR='ar'
CC='gcc'
CFLAGS=' -I/usr/local/include'
CLASSSEP=':'
CPP='gcc -E'
CPPFLAGS=''
CXX='g++'
CXXCPP='g++ -E'
CXXFLAGS='-g -O2'
C_DEBUG=''
DEFS='-DPACKAGE_NAME=\"\" -DPACKAGE_TARNAME=\"\" -DPACKAGE_VERSION=\"\" -DPACKAGE_STRING=\"\" -DPACKAGE_BUGREPORT=\"\" -DSTDC_HEADERS=1 -DHAVE_SYS_TYPES_H=1 -DHAVE_SYS_STAT_H=1 -DHAVE_STDLIB_H=1 -DHAVE_STRING_H=1 -DHAVE_MEMORY_H=1 -DHAVE_STRINGS_H=1 -DHAVE_INTTYPES_H=1 -DHAVE_STDINT_H=1 -DHAVE_UNISTD_H=1 -DHAVE_DLFCN_H=1'
ECHO='echo'
ECHO_C=''
ECHO_N='-n'
ECHO_T=''
EGREP='/bin/grep -E'
EXEEXT=''
F77=''
FFLAGS=''
GETCONF='/usr/bin/getconf'
GREP='/bin/grep'
INSTALL_DATA='${INSTALL} -m 644'
INSTALL_PROGRAM='${INSTALL}'
INSTALL_SCRIPT='${INSTALL}'
JAR='/usr/bin/jar'
JAVA='/usr/bin/java'
JAVAC='/usr/bin/javac'
JAVADOC='/usr/bin/javadoc'
JAVADOC_DIR='${prefix}/share/doc/jmagick'
JAVAH='/usr/bin/javah'
JAVA_INCLUDES='-I/usr/lib/jvm/java-1.7.0-openjdk-amd64//include -I/usr/lib/jvm/java-1.7.0-openjdk-amd64//include/linux'
JFLAGS=''
JIKES=''
LDFLAGS=' -L/usr/local/lib -L/usr/local/lib '
LIBOBJS=''
LIBS=''
LIBTOOL='$(SHELL) $(top_builddir)/libtool'
LIBTOOL_LINK_FLAG=''
LN_S='ln -s'
LTLIBOBJS=''
MAGICKCONF='/usr/local/bin/MagickCore-config'
MAGICK_INCLUDES='-I/usr/local/include/ImageMagick'
MAGICK_LIBS='-L/usr/local/lib -lMagickWand -lMagickCore'
MAGICK_LIB_PATH='/usr/local/lib'
OBJEXT='o'
OS='Linux'
PACKAGE_BUGREPORT=''
PACKAGE_NAME=''
PACKAGE_STRING=''
PACKAGE_TARNAME=''
PACKAGE_VERSION=''
PATH_SEPARATOR=':'
PROJ_BASE_DIR='/home/fangzhou/work/ProjectM/source/JMagick/jmagick-6.4.0'
RANLIB='ranlib'
SHARED_LDFLAGS='-shared'
SHARED_LIB_EXT='.so'
SHELL='/bin/bash'
STRIP='strip'
VER_JMSUB='0'
VER_MAJOR='6'
VER_MICRO='0'
VER_MINOR='4'
X11_INCLUDES=''
X11_LIBS=''
XMKMF=''
ac_ct_CC='gcc'
ac_ct_CXX='g++'
ac_ct_F77=''
bindir='${exec_prefix}/bin'
build='x86_64-unknown-linux-gnu'
build_alias=''
build_cpu='x86_64'
build_os='linux-gnu'
build_vendor='unknown'
datadir='${datarootdir}'
datarootdir='${prefix}/share'
docdir='${datarootdir}/doc/${PACKAGE}'
dvidir='${docdir}'
exec_prefix='${prefix}'
host='x86_64-unknown-linux-gnu'
host_alias=''
host_cpu='x86_64'
host_os='linux-gnu'
host_vendor='unknown'
htmldir='${docdir}'
includedir='${prefix}/include'
infodir='${datarootdir}/info'
libdir='${exec_prefix}/lib'
libexecdir='${exec_prefix}/libexec'
localedir='${datarootdir}/locale'
localstatedir='${prefix}/var'
mandir='${datarootdir}/man'
oldincludedir='/usr/include'
pdfdir='${docdir}'
prefix='/usr/local'
program_transform_name='s,x,x,'
psdir='${docdir}'
sbindir='${exec_prefix}/sbin'
sharedstatedir='${prefix}/com'
sysconfdir='${prefix}/etc'
target='x86_64-unknown-linux-gnu'
target_alias=''
target_cpu='x86_64'
target_os='linux-gnu'
target_vendor='unknown'

## ----------- ##
## confdefs.h. ##
## ----------- ##

#define PACKAGE_NAME ""
#define PACKAGE_TARNAME ""
#define PACKAGE_VERSION ""
#define PACKAGE_STRING ""
#define PACKAGE_BUGREPORT ""
#define STDC_HEADERS 1
#define HAVE_SYS_TYPES_H 1
#define HAVE_SYS_STAT_H 1
#define HAVE_STDLIB_H 1
#define HAVE_STRING_H 1
#define HAVE_MEMORY_H 1
#define HAVE_STRINGS_H 1
#define HAVE_INTTYPES_H 1
#define HAVE_STDINT_H 1
#define HAVE_UNISTD_H 1
#define HAVE_DLFCN_H 1

configure: exit 0
